<?xml version="1.0" encoding="UTF-8"?>
<!-- Generated by org.testng.reporters.JUnitXMLReporter -->
<testsuite ignored="0" hostname="Prashik-PC" failures="1" tests="2" name="Test" time="23.41" errors="0" timestamp="2024-10-30T18:58:59 IST">
  <testcase classname="Test_Cases.TC01_Account_Register" name="Register" time="12.496"/>
  <testcase classname="Test_Cases.TC02_Login" name="login" time="1.324">
    <failure type="java.lang.AssertionError" message="expected [My Account1234] but found [My Account]">
      <![CDATA[java.lang.AssertionError: expected [My Account1234] but found [My Account]
at Test_Cases.TC02_Login.login(TC02_Login.java:35)
at java.base/java.util.ArrayList.forEach(ArrayList.java:1597)
... Removed 31 stack frames]]>
    </failure>
  </testcase> <!-- login -->
</testsuite> <!-- Test -->
